<?xml version="1.0" encoding="UTF-8"?>
<!-- Generated by org.testng.reporters.JUnitReportReporter -->
<testsuite hostname="DESKTOP-QFPASDK" failures="0" tests="1" name="food.LaunchSwiggy" time="15.367" errors="0" timestamp="2024-05-28T17:00:57 IST" skipped="0">
  <testcase classname="food.LaunchSwiggy" name="swiggy" time="15.367"/>
  <system-out/>
</testsuite> <!-- food.LaunchSwiggy -->
