<?xml version="1.0" encoding="UTF-8"?>
<!-- Generated by org.testng.reporters.JUnitReportReporter -->
<testsuite hostname="DESKTOP-QFPASDK" failures="0" tests="1" name="Beauty.LaunchNykaa" time="9.387" errors="0" timestamp="2024-05-28T16:37:42 IST" skipped="0">
  <testcase classname="Beauty.LaunchNykaa" name="nykaa" time="9.387"/>
  <system-out/>
</testsuite> <!-- Beauty.LaunchNykaa -->
