<?xml version="1.0" encoding="UTF-8"?>
<!-- Generated by org.testng.reporters.JUnitReportReporter -->
<testsuite hostname="DESKTOP-QFPASDK" failures="0" tests="1" name="Ecom.IntegrationDemoWebShop" time="30.519" errors="0" timestamp="2024-05-28T19:19:40 IST" skipped="0">
  <testcase classname="Ecom.IntegrationDemoWebShop" name="demoWebShop" time="30.519"/>
  <system-out/>
</testsuite> <!-- Ecom.IntegrationDemoWebShop -->
