<?xml version="1.0" encoding="UTF-8"?>
<!-- Generated by org.testng.reporters.JUnitReportReporter -->
<testsuite hostname="DESKTOP-QFPASDK" failures="0" tests="1" name="Report.Script1" time="34.155" errors="0" timestamp="2024-06-01T19:40:49 IST" skipped="0">
  <testcase classname="Report.Script1" name="launch" time="34.155"/>
  <system-out/>
</testsuite> <!-- Report.Script1 -->
