<?xml version="1.0" encoding="UTF-8"?>
<!-- Generated by org.testng.reporters.JUnitReportReporter -->
<testsuite hostname="DESKTOP-QFPASDK" failures="0" tests="1" name="Beauty.LaunchLakme" time="18.870" errors="0" timestamp="2024-05-28T16:42:15 IST" skipped="0">
  <testcase classname="Beauty.LaunchLakme" name="lakme" time="18.870"/>
  <system-out/>
</testsuite> <!-- Beauty.LaunchLakme -->
