<?xml version="1.0" encoding="UTF-8"?>
<!-- Generated by org.testng.reporters.JUnitReportReporter -->
<testsuite hostname="DESKTOP-QFPASDK" failures="0" tests="1" name="food.LaunchKFC" time="19.718" errors="0" timestamp="2024-05-28T17:04:54 IST" skipped="0">
  <testcase classname="food.LaunchKFC" name="kfc" time="19.718"/>
  <system-out/>
</testsuite> <!-- food.LaunchKFC -->
