<?xml version="1.0" encoding="UTF-8"?>
<!-- Generated by org.testng.reporters.JUnitReportReporter -->
<testsuite hostname="DESKTOP-QFPASDK" failures="0" tests="1" name="Beauty.LaunchPurplle" time="13.352" errors="0" timestamp="2024-05-28T16:37:04 IST" skipped="0">
  <testcase classname="Beauty.LaunchPurplle" name="purplle" time="13.352"/>
  <system-out/>
</testsuite> <!-- Beauty.LaunchPurplle -->
