<?xml version="1.0" encoding="UTF-8"?>
<!-- Generated by org.testng.reporters.JUnitReportReporter -->
<testsuite hostname="DESKTOP-QFPASDK" failures="0" tests="1" name="food.LaunchZomato" time="15.028" errors="0" timestamp="2024-05-28T17:03:00 IST" skipped="0">
  <testcase classname="food.LaunchZomato" name="zomato" time="15.028"/>
  <system-out/>
</testsuite> <!-- food.LaunchZomato -->
