<?xml version="1.0" encoding="UTF-8"?>
<!-- Generated by org.testng.reporters.JUnitReportReporter -->
<testsuite hostname="DESKTOP-QFPASDK" failures="0" tests="1" name="Ecom.LaunchDemoWebShop" time="13.704" errors="0" timestamp="2024-05-28T16:55:36 IST" skipped="0">
  <testcase classname="Ecom.LaunchDemoWebShop" name="demoWebShop" time="13.704"/>
  <system-out/>
</testsuite> <!-- Ecom.LaunchDemoWebShop -->
