<?xml version="1.0" encoding="UTF-8"?>
<!-- Generated by org.testng.reporters.JUnitReportReporter -->
<testsuite hostname="DESKTOP-QFPASDK" failures="0" tests="1" name="Ecom.EndToEndDemoWebShop" time="17.871" errors="0" timestamp="2024-05-28T19:43:21 IST" skipped="0">
  <testcase classname="Ecom.EndToEndDemoWebShop" name="script" time="17.871"/>
  <system-out/>
</testsuite> <!-- Ecom.EndToEndDemoWebShop -->
