<?xml version="1.0" encoding="UTF-8"?>
<!-- Generated by org.testng.reporters.JUnitReportReporter -->
<testsuite hostname="DESKTOP-QFPASDK" failures="0" tests="1" name="food.LaunchZomato_Test" time="22.480" errors="0" timestamp="2024-05-30T19:22:13 IST" skipped="0">
  <testcase classname="food.LaunchZomato_Test" name="zomato" time="22.480"/>
  <system-out/>
</testsuite> <!-- food.LaunchZomato_Test -->
