<?xml version="1.0" encoding="UTF-8"?>
<!-- Generated by org.testng.reporters.JUnitReportReporter -->
<testsuite hostname="DESKTOP-QFPASDK" failures="0" tests="1" name="food.LaunchSwiggy_Test" time="8.209" errors="0" timestamp="2024-05-30T19:22:13 IST" skipped="0">
  <testcase classname="food.LaunchSwiggy_Test" name="swiggy" time="8.209"/>
  <system-out/>
</testsuite> <!-- food.LaunchSwiggy_Test -->
