<?xml version="1.0" encoding="UTF-8"?>
<!-- Generated by org.testng.reporters.JUnitReportReporter -->
<testsuite hostname="DESKTOP-QFPASDK" failures="0" tests="1" name="food.LaunchKFC_Test" time="14.180" errors="0" timestamp="2024-05-30T19:22:13 IST" skipped="0">
  <testcase classname="food.LaunchKFC_Test" name="kfc" time="14.180"/>
  <system-out/>
</testsuite> <!-- food.LaunchKFC_Test -->
