<?xml version="1.0" encoding="UTF-8"?>
<!-- Generated by org.testng.reporters.JUnitReportReporter -->
<testsuite hostname="DESKTOP-QFPASDK" failures="0" tests="1" name="Ecom.EndToEndDemoWebShop" time="22.283" errors="0" timestamp="2024-05-30T20:00:10 IST" skipped="0">
  <testcase classname="Ecom.EndToEndDemoWebShop" name="endToEndDemoWebShop" time="22.283"/>
  <system-out/>
</testsuite> <!-- Ecom.EndToEndDemoWebShop -->
