<?xml version="1.0" encoding="UTF-8"?>
<!-- Generated by org.testng.reporters.JUnitReportReporter -->
<testsuite hostname="DESKTOP-QFPASDK" failures="0" tests="1" name="Beauty.LaunchLakme_Test" time="13.521" errors="0" timestamp="2024-05-30T20:16:33 IST" skipped="0">
  <testcase classname="Beauty.LaunchLakme_Test" name="lakme" time="13.521"/>
  <system-out/>
</testsuite> <!-- Beauty.LaunchLakme_Test -->
