<?xml version="1.0" encoding="UTF-8"?>
<!-- Generated by org.testng.reporters.JUnitReportReporter -->
<testsuite hostname="DESKTOP-QFPASDK" failures="0" tests="1" name="Beauty.LaunchNykaa_Test" time="66.655" errors="0" timestamp="2024-05-30T19:57:48 IST" skipped="0">
  <testcase classname="Beauty.LaunchNykaa_Test" name="nykaa" time="66.655"/>
  <system-out/>
</testsuite> <!-- Beauty.LaunchNykaa_Test -->
