<?xml version="1.0" encoding="UTF-8"?>
<!-- Generated by org.testng.reporters.JUnitReportReporter -->
<testsuite hostname="DESKTOP-QFPASDK" failures="0" tests="1" name="Ecom.IntegrationDemoWebShop_Test" time="16.133" errors="0" timestamp="2024-05-30T20:00:10 IST" skipped="0">
  <testcase classname="Ecom.IntegrationDemoWebShop_Test" name="demoWebShop" time="16.133"/>
  <system-out/>
</testsuite> <!-- Ecom.IntegrationDemoWebShop_Test -->
