<?xml version="1.0" encoding="UTF-8"?>
<!-- Generated by org.testng.reporters.JUnitReportReporter -->
<testsuite hostname="DESKTOP-QFPASDK" failures="0" tests="1" name="Beauty.LaunchPurplle_Test" time="50.394" errors="0" timestamp="2024-05-30T19:57:48 IST" skipped="0">
  <testcase classname="Beauty.LaunchPurplle_Test" name="purplle" time="50.394"/>
  <system-out/>
</testsuite> <!-- Beauty.LaunchPurplle_Test -->
