<?xml version="1.0" encoding="UTF-8"?>
<!-- Generated by org.testng.reporters.JUnitReportReporter -->
<testsuite hostname="DESKTOP-QFPASDK" failures="0" tests="1" name="Ecom.FunctionalDemoWebShop_Test" time="13.272" errors="0" timestamp="2024-05-30T20:00:10 IST" skipped="0">
  <testcase classname="Ecom.FunctionalDemoWebShop_Test" name="demoWebShop" time="13.272"/>
  <system-out/>
</testsuite> <!-- Ecom.FunctionalDemoWebShop_Test -->
